<?xml version="1.0" encoding="UTF-8"?>
<!-- Generated by org.testng.reporters.JUnitReportReporter -->
<testsuite hostname="DESKTOP-37VK82G" failures="0" tests="1" name="testCases_registration.TC_001_HomePage_registration" time="2.881" errors="0" timestamp="2025-01-01T16:38:31 IST" skipped="0">
  <testcase classname="testCases_registration.TC_001_HomePage_registration" name="Registration_home_page" time="2.881"/>
  <system-out/>
</testsuite> <!-- testCases_registration.TC_001_HomePage_registration -->
